<?xml version="1.0" encoding="UTF-8"?>
<testng-results ignored="0" total="2" passed="2" failed="0" skipped="0">
  <reporter-output>
  </reporter-output>
  <suite started-at="2025-09-14T05:56:55 IST" name="Suite" finished-at="2025-09-14T05:57:15 IST" duration-ms="20221">
    <groups>
    </groups>
    <test started-at="2025-09-14T05:56:55 IST" name="Test" finished-at="2025-09-14T05:57:15 IST" duration-ms="20221">
      <class name="testCase.TC_001_LoginPage">
        <test-method signature="setup()[pri:0, instance:testCase.TC_001_LoginPage@17497425]" started-at="2025-09-14T05:56:55 IST" name="setup" finished-at="2025-09-14T05:57:06 IST" duration-ms="10893" status="PASS">
          <reporter-output>
          </reporter-output>
        </test-method> <!-- setup -->
        <test-method signature="test_login_application()[pri:0, instance:testCase.TC_001_LoginPage@17497425]" started-at="2025-09-14T05:57:06 IST" name="test_login_application" finished-at="2025-09-14T05:57:15 IST" duration-ms="9240" status="PASS">
          <reporter-output>
          </reporter-output>
        </test-method> <!-- test_login_application -->
      </class> <!-- testCase.TC_001_LoginPage -->
    </test> <!-- Test -->
  </suite> <!-- Suite -->
</testng-results>
