<?xml version="1.0" encoding="UTF-8"?>
<!-- Generated by org.testng.reporters.JUnitReportReporter -->
<testsuite hostname="DESKTOP-LV4PIBI" failures="0" tests="2" name="testCase.TC_001_LoginPage" time="27.015" errors="0" timestamp="2025-09-13T12:35:04 IST" skipped="0">
  <testcase classname="testCase.TC_001_LoginPage" name="test_login_application" time="9.306"/>
  <system-out/>
  <testcase classname="testCase.TC_001_LoginPage" name="setup" time="17.709"/>
  <system-out/>
</testsuite> <!-- testCase.TC_001_LoginPage -->
